<?xml version="1.0" encoding="UTF-8"?>
<!-- Generated by org.testng.reporters.JUnitXMLReporter -->
<testsuite ignored="0" hostname="LAPTOP-3KFM323G" failures="0" tests="1" name="Test" time="2.711" errors="0" timestamp="2020-09-09T03:12:59 IST">
  <testcase classname="integration.SampleTest" name="@BeforeTest beforeTest" time="2.584">
    <failure type="java.lang.NoSuchMethodError" message="com.google.common.base.Throwables.throwIfUnchecked(Ljava/lang/Throwable;)V">
      <![CDATA[java.lang.NoSuchMethodError: com.google.common.base.Throwables.throwIfUnchecked(Ljava/lang/Throwable;)V
at org.openqa.selenium.remote.service.DriverCommandExecutor.execute(DriverCommandExecutor.java:91)
at org.openqa.selenium.remote.RemoteWebDriver.execute(RemoteWebDriver.java:582)
at org.openqa.selenium.remote.RemoteWebDriver.startSession(RemoteWebDriver.java:216)
at org.openqa.selenium.remote.RemoteWebDriver.<init>(RemoteWebDriver.java:136)
at org.openqa.selenium.firefox.FirefoxDriver.<init>(FirefoxDriver.java:188)
at org.openqa.selenium.firefox.FirefoxDriver.<init>(FirefoxDriver.java:176)
at org.openqa.selenium.firefox.FirefoxDriver.<init>(FirefoxDriver.java:154)
at integration.SampleTest.beforeTest(SampleTest.java:22)
... Removed 24 stack frames]]>
    </failure>
  </testcase> <!-- @BeforeTest beforeTest -->
  <testcase classname="integration.SampleTest" name="@AfterTest afterTest" time="-1.599601379712E9">
    <skipped/>
  </testcase> <!-- @AfterTest afterTest -->
  <testcase classname="integration.SampleTest" name="testGoogle" time="0.0">
    <skipped/>
  </testcase> <!-- testGoogle -->
</testsuite> <!-- Test -->
