<?xml version="1.0" encoding="UTF-8"?>
<testng-results ignored="0" total="1" passed="1" failed="0" skipped="0">
  <reporter-output>
  </reporter-output>
  <suite started-at="2020-09-09T02:13:24 IST" name="Default suite" finished-at="2020-09-09T02:13:38 IST" duration-ms="13860">
    <groups>
    </groups>
    <test started-at="2020-09-09T02:13:24 IST" name="Default test" finished-at="2020-09-09T02:13:38 IST" duration-ms="13860">
      <class name="integration.FirstTest">
        <test-method is-config="true" signature="beforeTest()[pri:0, instance:integration.FirstTest@71238fc2]" started-at="2020-09-09T02:13:24 IST" name="beforeTest" finished-at="2020-09-09T02:13:34 IST" duration-ms="9745" status="PASS">
          <reporter-output>
          </reporter-output>
        </test-method> <!-- beforeTest -->
        <test-method signature="testGoogle()[pri:0, instance:integration.FirstTest@71238fc2]" started-at="2020-09-09T02:13:34 IST" name="testGoogle" finished-at="2020-09-09T02:13:37 IST" duration-ms="2479" status="PASS">
          <reporter-output>
          </reporter-output>
        </test-method> <!-- testGoogle -->
        <test-method is-config="true" signature="afterTest()[pri:0, instance:integration.FirstTest@71238fc2]" started-at="2020-09-09T02:13:37 IST" name="afterTest" finished-at="2020-09-09T02:13:38 IST" duration-ms="1534" status="PASS">
          <reporter-output>
          </reporter-output>
        </test-method> <!-- afterTest -->
      </class> <!-- integration.FirstTest -->
    </test> <!-- Default test -->
  </suite> <!-- Default suite -->
</testng-results>
