<?xml version="1.0" encoding="UTF-8"?>
<testng-results ignored="0" total="1" passed="1" failed="0" skipped="0">
  <reporter-output>
  </reporter-output>
  <suite started-at="2020-09-09T02:04:43 IST" name="integration.FirstTest" finished-at="2020-09-09T02:04:57 IST" duration-ms="14514">
    <groups>
    </groups>
    <test started-at="2020-09-09T02:04:43 IST" name="Command line test" finished-at="2020-09-09T02:04:57 IST" duration-ms="14514">
      <class name="integration.FirstTest">
        <test-method is-config="true" signature="beforeTest()[pri:0, instance:integration.FirstTest@4d5d943d]" started-at="2020-09-09T02:04:43 IST" name="beforeTest" finished-at="2020-09-09T02:04:53 IST" duration-ms="10279" status="PASS">
          <reporter-output>
          </reporter-output>
        </test-method> <!-- beforeTest -->
        <test-method signature="testGoogle()[pri:0, instance:integration.FirstTest@4d5d943d]" started-at="2020-09-09T02:04:53 IST" name="testGoogle" finished-at="2020-09-09T02:04:56 IST" duration-ms="2551" status="PASS">
          <reporter-output>
          </reporter-output>
        </test-method> <!-- testGoogle -->
        <test-method is-config="true" signature="afterTest()[pri:0, instance:integration.FirstTest@4d5d943d]" started-at="2020-09-09T02:04:56 IST" name="afterTest" finished-at="2020-09-09T02:04:57 IST" duration-ms="1585" status="PASS">
          <reporter-output>
          </reporter-output>
        </test-method> <!-- afterTest -->
      </class> <!-- integration.FirstTest -->
    </test> <!-- Command line test -->
  </suite> <!-- integration.FirstTest -->
</testng-results>
