<?xml version="1.0" encoding="UTF-8"?>
<testng-results ignored="0" total="1" passed="1" failed="0" skipped="0">
  <reporter-output>
  </reporter-output>
  <suite started-at="2020-09-09T03:25:49 IST" name="Default suite" finished-at="2020-09-09T03:25:59 IST" duration-ms="10516">
    <groups>
    </groups>
    <test started-at="2020-09-09T03:25:49 IST" name="Default test" finished-at="2020-09-09T03:25:59 IST" duration-ms="10516">
      <class name="integration.SampleTest">
        <test-method is-config="true" signature="beforeTest()[pri:0, instance:integration.SampleTest@3a6bb9bf]" started-at="2020-09-09T03:25:49 IST" name="beforeTest" finished-at="2020-09-09T03:25:55 IST" duration-ms="6870" status="PASS">
          <reporter-output>
          </reporter-output>
        </test-method> <!-- beforeTest -->
        <test-method signature="testGoogle()[pri:0, instance:integration.SampleTest@3a6bb9bf]" started-at="2020-09-09T03:25:55 IST" name="testGoogle" finished-at="2020-09-09T03:25:58 IST" duration-ms="2325" status="PASS">
          <reporter-output>
          </reporter-output>
        </test-method> <!-- testGoogle -->
        <test-method is-config="true" signature="afterTest()[pri:0, instance:integration.SampleTest@3a6bb9bf]" started-at="2020-09-09T03:25:58 IST" name="afterTest" finished-at="2020-09-09T03:25:59 IST" duration-ms="1242" status="PASS">
          <reporter-output>
          </reporter-output>
        </test-method> <!-- afterTest -->
      </class> <!-- integration.SampleTest -->
    </test> <!-- Default test -->
  </suite> <!-- Default suite -->
</testng-results>
