<?xml version="1.0" encoding="UTF-8"?>
<testng-results ignored="0" total="1" passed="1" failed="0" skipped="0">
  <reporter-output>
  </reporter-output>
  <suite started-at="2020-09-09T01:08:37 IST" name="Suite" finished-at="2020-09-09T01:08:50 IST" duration-ms="13319">
    <groups>
    </groups>
    <test started-at="2020-09-09T01:08:37 IST" name="Test" finished-at="2020-09-09T01:08:50 IST" duration-ms="13319">
      <class name="integration.SampleTest">
        <test-method is-config="true" signature="beforeTest()[pri:0, instance:integration.SampleTest@3a6bb9bf]" started-at="2020-09-09T01:08:37 IST" name="beforeTest" finished-at="2020-09-09T01:08:47 IST" duration-ms="9810" status="PASS">
          <reporter-output>
          </reporter-output>
        </test-method> <!-- beforeTest -->
        <test-method signature="testGoogle()[pri:0, instance:integration.SampleTest@3a6bb9bf]" started-at="2020-09-09T01:08:47 IST" name="testGoogle" finished-at="2020-09-09T01:08:49 IST" duration-ms="1931" status="PASS">
          <reporter-output>
          </reporter-output>
        </test-method> <!-- testGoogle -->
        <test-method is-config="true" signature="afterTest()[pri:0, instance:integration.SampleTest@3a6bb9bf]" started-at="2020-09-09T01:08:49 IST" name="afterTest" finished-at="2020-09-09T01:08:50 IST" duration-ms="1509" status="PASS">
          <reporter-output>
          </reporter-output>
        </test-method> <!-- afterTest -->
      </class> <!-- integration.SampleTest -->
    </test> <!-- Test -->
  </suite> <!-- Suite -->
</testng-results>
